<?xml version="1.0" encoding="UTF-8"?>
<!-- Generated by org.testng.reporters.JUnitReportReporter -->
<testsuite hostname="DESKTOP-17IM77O" failures="0" tests="1" name="amazon.TestCases.TC_LoginTest_001" time="6.115" errors="0" timestamp="2022-02-17T09:59:14 CET" skipped="0">
  <testcase classname="amazon.TestCases.TC_LoginTest_001" name="loginTest" time="6.115"/>
  <system-out/>
</testsuite> <!-- amazon.TestCases.TC_LoginTest_001 -->
