<?xml version="1.0" encoding="UTF-8"?>
<!-- Generated by org.testng.reporters.JUnitReportReporter -->
<testsuite hostname="DESKTOP-17IM77O" failures="0" tests="1" name="amazon.TestCases.AmazonMoveToBasket" time="13.165" errors="0" timestamp="2022-02-19T14:20:23 CET" skipped="0">
  <testcase classname="amazon.TestCases.AmazonMoveToBasket" name="AmazonMoveToBasket" time="13.165"/>
  <system-out/>
</testsuite> <!-- amazon.TestCases.AmazonMoveToBasket -->
