<?xml version="1.0" encoding="UTF-8"?>
<!-- Generated by org.testng.reporters.JUnitReportReporter -->
<testsuite hostname="DESKTOP-17IM77O" failures="0" tests="1" name="amazon.TestCases.AmazonSaveForLater" time="15.219" errors="0" timestamp="2022-02-18T20:58:36 CET" skipped="0">
  <testcase classname="amazon.TestCases.AmazonSaveForLater" name="AmazonSaveForLater" time="15.219"/>
  <system-out/>
</testsuite> <!-- amazon.TestCases.AmazonSaveForLater -->
