<?xml version="1.0" encoding="UTF-8"?>
<!-- Generated by org.testng.reporters.JUnitReportReporter -->
<testsuite hostname="DESKTOP-17IM77O" failures="0" tests="1" name="amazon.TestCases.TC_AmazonMoveToBasket" time="11.970" errors="0" timestamp="2022-02-20T15:38:19 CET" skipped="0">
  <testcase classname="amazon.TestCases.TC_AmazonMoveToBasket" name="AmazonMoveToBasket" time="11.970"/>
  <system-out/>
</testsuite> <!-- amazon.TestCases.TC_AmazonMoveToBasket -->
