<?xml version="1.0" encoding="UTF-8"?>
<!-- Generated by org.testng.reporters.JUnitReportReporter -->
<testsuite hostname="DESKTOP-17IM77O" failures="0" tests="1" name="amazon.TestCases.AmazonSearch" time="42.316" errors="0" timestamp="2022-02-19T18:01:18 CET" skipped="0">
  <testcase classname="amazon.TestCases.AmazonSearch" name="AmazonSearch" time="42.316"/>
  <system-out/>
</testsuite> <!-- amazon.TestCases.AmazonSearch -->
