<?xml version="1.0" encoding="UTF-8"?>
<!-- Generated by org.testng.reporters.JUnitReportReporter -->
<testsuite hostname="DESKTOP-17IM77O" failures="0" tests="1" name="amazon.TestCases.TC_AmazonSaveForLater" time="17.674" errors="0" timestamp="2022-02-20T14:33:30 CET" skipped="0">
  <testcase classname="amazon.TestCases.TC_AmazonSaveForLater" name="AmazonSaveForLater" time="17.674"/>
  <system-out/>
</testsuite> <!-- amazon.TestCases.TC_AmazonSaveForLater -->
